Arguments: 
  /usr/local/Cellar/node/10.5.0_1/bin/node /usr/local/Cellar/yarn/1.7.0/libexec/bin/yarn.js test

PATH: 
  /usr/local/bin:/usr/bin:/bin:/usr/sbin:/sbin

Yarn version: 
  1.7.0

Node version: 
  10.5.0

Platform: 
  darwin x64

Trace: 
  SyntaxError: /Users/kylebahr/Projects/proteus-js/packages/client/package.json: Unexpected token } in JSON at position 1024
      at JSON.parse (<anonymous>)
      at /usr/local/Cellar/yarn/1.7.0/libexec/lib/cli.js:1130:59
      at Generator.next (<anonymous>)
      at step (/usr/local/Cellar/yarn/1.7.0/libexec/lib/cli.js:98:30)
      at /usr/local/Cellar/yarn/1.7.0/libexec/lib/cli.js:109:13

npm manifest: 
  {
    "name": "proteus-js-client",
    "repository": "https://github.com/netifi-proteus/proteus-js",
    "version": "0.0.5",
    "description": "Proteus JavaScript Client",
    "contributors": [
      "Ryland Degnan <ryland@netifi.com>",
      "Kyle Bahr <kyle@netifi.com>"
    ],
    "bugs": {
      "url": "https://github.com/netifi-proteus/proteus-js/issues"
    },
    "files": [
      "dist"
    ],
    "keywords": [
      "rsocket"
    ],
    "main": "dist/index.js",
    "scripts": {
      "test": "echo 'Please run `npm test` from the root of the repo' && exit 1",
      "build": "npm run build-js && npm run build-flow",
      "build-js": "babel-node ../../resources/buildJs.js",
      "build-flow": "babel-node ../../resources/buildFlow.js",
      "prepublish": "node ../../resources/prepublish.js",
      "protoc": "protoc --proto_path=proto --js_out=import_style=commonjs,binary:src --proteus_out=src --plugin=protoc-gen-proteus=node_modules/.bin/proteus_js_protoc_plugin proto/proteus/*.proto"
    },
    "devDependencies": {
      "proteus-js-protobuf": "^0.0.4",
    },
    "dependencies": {
      "google-protobuf": "^3.6.0",
      "proteus-js-core": "^0.0.5",
      "rsocket-websocket-client": "^0.0.8",
      "ws": "^2.3.1"
    }
  }

yarn manifest: 
  No manifest

Lockfile: 
  No lockfile
